-----------------------------------------------------------------------------------
      name:  <unnamed>
       log:  /Users/cameronkeith/Desktop/Econ/Econ 20/econ-uka-exposure/logs/run_12
> m_regressions.log
  log type:  text
 opened on:  17 Nov 2025, 18:19:48

. label data "UKA Exposure 12 months Regressions - Created on $S_DATE"

. 
. use "`basepath'/data/uka_exposure_dataset.dta", clear
(UKA Exposure Dataset Creation - Created on 17 Nov 2025)

. 
. /*
> Regression Analysis: 
> Show how treatment effect changes as we add control variables
> NOTE: Age FE included in ALL specifications (required for matching ages across tr
> eatment and control groups)
> */
. 
. * Restrict to sample first
. keep if sample_12
(663 observations deleted)

. 
. * Store observation count
. quietly count

. local N_obs = r(N)

. 
. * (1) Treatment + Age FE only (baseline specification)
. eststo m1: reg p_imc treatment_12 ///
>     i.rounded_edad_meses

      Source |       SS           df       MS      Number of obs   =       323
-------------+----------------------------------   F(32, 290)      =      0.83
       Model |  33.7791902        32  1.05559969   Prob > F        =    0.7367
    Residual |  370.442166       290  1.27738678   R-squared       =    0.0836
-------------+----------------------------------   Adj R-squared   =   -0.0176
       Total |  404.221356       322  1.25534583   Root MSE        =    1.1302

----------------------------------------------------------------------------------
           p_imc | Coefficient  Std. err.      t    P>|t|     [95% conf. interval]
-----------------+----------------------------------------------------------------
    treatment_12 |  -.0984758   .2467665    -0.40   0.690    -.5841562    .3872046
                 |
rounded_edad_m~s |
              1  |   .6729138   .6122787     1.10   0.273    -.5321597    1.877987
              2  |   .9275049   .5956758     1.56   0.121    -.2448911    2.099901
              3  |   1.298286    .607023     2.14   0.033     .1035569    2.493015
              4  |   1.194545    .616583     1.94   0.054    -.0190004     2.40809
              5  |    .788149   .6318096     1.25   0.213    -.4553647    2.031663
              6  |   .3900951   .6686444     0.58   0.560    -.9259161    1.706106
              7  |   .4920138   .6217536     0.79   0.429     -.731708    1.715736
              8  |   1.305717   .6599036     1.98   0.049     .0069098    2.604525
              9  |   .4056433   .6525301     0.62   0.535    -.8786521    1.689939
             10  |   .8865223   .8632162     1.03   0.305    -.8124408    2.585485
             11  |   .5537681    .653825     0.85   0.398    -.7330758    1.840612
             12  |   .8434012    .663828     1.27   0.205    -.4631303    2.149933
             13  |   1.169447   .6503614     1.80   0.073      -.11058    2.449474
             14  |   .7774002   .6621376     1.17   0.241    -.5258044    2.080605
             15  |   .6931837   .6747791     1.03   0.305    -.6349016    2.021269
             16  |    1.12292   .6729483     1.67   0.096    -.2015618    2.447402
             17  |   .6944952   .6782686     1.02   0.307    -.6404581    2.029448
             18  |   1.095631   .7250116     1.51   0.132    -.3313212    2.522582
             19  |   .8336238   .7347882     1.13   0.258    -.6125702    2.279818
             20  |   .4548499   .7164306     0.63   0.526    -.9552129    1.864913
             21  |   .9222024   .7724932     1.19   0.234    -.5982017    2.442606
             22  |   1.151061   .8364132     1.38   0.170    -.4951489    2.797271
             23  |   1.314508   1.287489     1.02   0.308    -1.219499    3.848514
             24  |   .8236374   .8977951     0.92   0.360     -.943383    2.590658
             25  |   .4605728   1.287489     0.36   0.721    -2.073434     2.99458
             27  |  -.2741809   .9865412    -0.28   0.781    -2.215869    1.667508
             28  |   1.515513   1.287489     1.18   0.240    -1.018494     4.04952
             29  |   .5890863   1.287489     0.46   0.648    -1.944921    3.123093
             31  |   1.993948   1.263619     1.58   0.116    -.4930791    4.480976
             34  |  -.1445549   1.287489    -0.11   0.911    -2.678562    2.389452
             38  |   .7555356   1.287489     0.59   0.558    -1.778471    3.289542
                 |
           _cons |  -.4806571   .5651077    -0.85   0.396     -1.59289    .6315754
----------------------------------------------------------------------------------

. local coef_1 = _b[treatment_12]

. local se_1 = _se[treatment_12]

. 
. * (2) Add baseline health controls
. eststo m2: reg p_imc treatment_12 ///
>     bmi_baseline anemia_baseline male ///
>     i.rounded_edad_meses

      Source |       SS           df       MS      Number of obs   =       257
-------------+----------------------------------   F(34, 222)      =     12.61
       Model |  194.197225        34  5.71168309   Prob > F        =    0.0000
    Residual |  100.571831       222  .453026265   R-squared       =    0.6588
-------------+----------------------------------   Adj R-squared   =    0.6066
       Total |  294.769056       256  1.15144162   Root MSE        =    .67307

----------------------------------------------------------------------------------
           p_imc | Coefficient  Std. err.      t    P>|t|     [95% conf. interval]
-----------------+----------------------------------------------------------------
    treatment_12 |  -.1915368    .176868    -1.08   0.280     -.540092    .1570183
    bmi_baseline |   .7809094   .0409397    19.07   0.000     .7002293    .8615895
 anemia_baseline |  -.0512507   .0923946    -0.55   0.580    -.2333334    .1308321
            male |  -.0528827   .0926564    -0.57   0.569    -.2354813    .1297158
                 |
rounded_edad_m~s |
              1  |   .0752022   .5085292     0.15   0.883      -.92696    1.077364
              2  |   .1278595   .4966487     0.26   0.797    -.8508899    1.106609
              3  |   .2398544   .5054306     0.47   0.636    -.7562013     1.23591
              4  |   .1914103   .5039319     0.38   0.704    -.8016921    1.184513
              5  |   .1505048   .5142363     0.29   0.770    -.8629045    1.163914
              6  |   .0392647   .5229035     0.08   0.940     -.991225    1.069754
              7  |   .0794698   .5148013     0.15   0.877     -.935053    1.093993
              8  |   .1849278   .5280673     0.35   0.727    -.8557384    1.225594
              9  |   .0746748   .5271716     0.14   0.887    -.9642261    1.113576
             10  |   .1549694   .6163074     0.25   0.802    -1.059592    1.369531
             11  |  -.0920344   .5257902    -0.18   0.861    -1.128213    .9441442
             12  |    .400437   .5334404     0.75   0.454     -.650818    1.451692
             13  |   .0860841   .5528438     0.16   0.876    -1.003409    1.175577
             14  |  -.1694321   .5410027    -0.31   0.754     -1.23559    .8967259
             15  |   .3532439   .5344539     0.66   0.509    -.7000083    1.406496
             16  |  -.1075013   .5381528    -0.20   0.842    -1.168043    .9530405
             17  |   .3412478   .5404256     0.63   0.528    -.7237729    1.406269
             18  |   .1358345   .5581759     0.24   0.808    -.9641669    1.235836
             19  |   .4603404   .5730999     0.80   0.423    -.6690717    1.589753
             20  |   .0090659   .5649435     0.02   0.987    -1.104272    1.122404
             21  |   .2594242    .580617     0.45   0.655     -.884802    1.403651
             22  |   .4511483   .6166716     0.73   0.465     -.764131    1.666428
             23  |   1.144445   .8501845     1.35   0.180    -.5310195     2.81991
             24  |   .7552453   .6473417     1.17   0.245    -.5204758    2.030966
             25  |  -.3476699   .8447906    -0.41   0.681    -2.012505    1.317165
             27  |  -.6133387   .6838555    -0.90   0.371    -1.961018    .7343404
             28  |   .3373311   .8535148     0.40   0.693    -1.344697    2.019359
             29  |  -1.082625   .8484014    -1.28   0.203    -2.754576    .5893255
             34  |  -.4606205   .8533191    -0.54   0.590    -2.142263    1.221022
             38  |   1.556202   .8526591     1.83   0.069    -.1241396    3.236544
                 |
           _cons |   .0033741    .489093     0.01   0.995     -.960485    .9672332
----------------------------------------------------------------------------------

. local coef_2 = _b[treatment_12]

. local se_2 = _se[treatment_12]

. 
. * (3) Add SES controls
. eststo m3: reg p_imc treatment_12 ///
>     bmi_baseline anemia_baseline male ///
>     `sesvars' ///
>     i.rounded_edad_meses

      Source |       SS           df       MS      Number of obs   =       257
-------------+----------------------------------   F(34, 222)      =     12.61
       Model |  194.197225        34  5.71168309   Prob > F        =    0.0000
    Residual |  100.571831       222  .453026265   R-squared       =    0.6588
-------------+----------------------------------   Adj R-squared   =    0.6066
       Total |  294.769056       256  1.15144162   Root MSE        =    .67307

----------------------------------------------------------------------------------
           p_imc | Coefficient  Std. err.      t    P>|t|     [95% conf. interval]
-----------------+----------------------------------------------------------------
    treatment_12 |  -.1915368    .176868    -1.08   0.280     -.540092    .1570183
    bmi_baseline |   .7809094   .0409397    19.07   0.000     .7002293    .8615895
 anemia_baseline |  -.0512507   .0923946    -0.55   0.580    -.2333334    .1308321
            male |  -.0528827   .0926564    -0.57   0.569    -.2354813    .1297158
                 |
rounded_edad_m~s |
              1  |   .0752022   .5085292     0.15   0.883      -.92696    1.077364
              2  |   .1278595   .4966487     0.26   0.797    -.8508899    1.106609
              3  |   .2398544   .5054306     0.47   0.636    -.7562013     1.23591
              4  |   .1914103   .5039319     0.38   0.704    -.8016921    1.184513
              5  |   .1505048   .5142363     0.29   0.770    -.8629045    1.163914
              6  |   .0392647   .5229035     0.08   0.940     -.991225    1.069754
              7  |   .0794698   .5148013     0.15   0.877     -.935053    1.093993
              8  |   .1849278   .5280673     0.35   0.727    -.8557384    1.225594
              9  |   .0746748   .5271716     0.14   0.887    -.9642261    1.113576
             10  |   .1549694   .6163074     0.25   0.802    -1.059592    1.369531
             11  |  -.0920344   .5257902    -0.18   0.861    -1.128213    .9441442
             12  |    .400437   .5334404     0.75   0.454     -.650818    1.451692
             13  |   .0860841   .5528438     0.16   0.876    -1.003409    1.175577
             14  |  -.1694321   .5410027    -0.31   0.754     -1.23559    .8967259
             15  |   .3532439   .5344539     0.66   0.509    -.7000083    1.406496
             16  |  -.1075013   .5381528    -0.20   0.842    -1.168043    .9530405
             17  |   .3412478   .5404256     0.63   0.528    -.7237729    1.406269
             18  |   .1358345   .5581759     0.24   0.808    -.9641669    1.235836
             19  |   .4603404   .5730999     0.80   0.423    -.6690717    1.589753
             20  |   .0090659   .5649435     0.02   0.987    -1.104272    1.122404
             21  |   .2594242    .580617     0.45   0.655     -.884802    1.403651
             22  |   .4511483   .6166716     0.73   0.465     -.764131    1.666428
             23  |   1.144445   .8501845     1.35   0.180    -.5310195     2.81991
             24  |   .7552453   .6473417     1.17   0.245    -.5204758    2.030966
             25  |  -.3476699   .8447906    -0.41   0.681    -2.012505    1.317165
             27  |  -.6133387   .6838555    -0.90   0.371    -1.961018    .7343404
             28  |   .3373311   .8535148     0.40   0.693    -1.344697    2.019359
             29  |  -1.082625   .8484014    -1.28   0.203    -2.754576    .5893255
             34  |  -.4606205   .8533191    -0.54   0.590    -2.142263    1.221022
             38  |   1.556202   .8526591     1.83   0.069    -.1241396    3.236544
                 |
           _cons |   .0033741    .489093     0.01   0.995     -.960485    .9672332
----------------------------------------------------------------------------------

. local coef_3 = _b[treatment_12]

. local se_3 = _se[treatment_12]

. 
. * (4) Add grupo fixed effects
. eststo m4: reg p_imc treatment_12 ///
>     bmi_baseline anemia_baseline male ///
>     `sesvars' ///
>     i.rounded_edad_meses ///
>     i.grupo_fe

      Source |       SS           df       MS      Number of obs   =       257
-------------+----------------------------------   F(185, 71)      =      1.59
       Model |  237.499922       185  1.28378336   Prob > F        =    0.0127
    Residual |  57.2691337        71  .806607516   R-squared       =    0.8057
-------------+----------------------------------   Adj R-squared   =    0.2995
       Total |  294.769056       256  1.15144162   Root MSE        =    .89811

----------------------------------------------------------------------------------
           p_imc | Coefficient  Std. err.      t    P>|t|     [95% conf. interval]
-----------------+----------------------------------------------------------------
    treatment_12 |  -.4147439   .9998663    -0.41   0.680    -2.408421    1.578933
    bmi_baseline |   .7795215   .2567795     3.04   0.003     .2675179    1.291525
 anemia_baseline |   .5472492   .5580956     0.98   0.330    -.5655619     1.66006
            male |   .1752134   .4820522     0.36   0.717    -.7859714    1.136398
                 |
rounded_edad_m~s |
              1  |  -.6818557   1.196895    -0.57   0.571    -3.068397    1.704685
              2  |  -.5851554   1.200306    -0.49   0.627    -2.978497    1.808187
              3  |  -.7479029   1.296287    -0.58   0.566    -3.332625     1.83682
              4  |  -.6767414   1.286118    -0.53   0.600    -3.241189    1.887706
              5  |  -.6858394   1.293278    -0.53   0.598    -3.264562    1.892884
              6  |  -.3752361   1.246695    -0.30   0.764    -2.861074    2.110602
              7  |  -.3476259   1.348363    -0.26   0.797    -3.036186    2.340934
              8  |  -.8703605   1.505024    -0.58   0.565    -3.871294    2.130573
              9  |  -.6096698   1.779404    -0.34   0.733      -4.1577     2.93836
             10  |  -.9225076   2.193597    -0.42   0.675    -5.296416      3.4514
             11  |  -.6312347   1.598884    -0.39   0.694    -3.819318    2.556849
             12  |   .1717269   1.651412     0.10   0.917    -3.121095    3.464548
             13  |   .0153328   1.511776     0.01   0.992    -2.999064    3.029729
             14  |   -.915635   1.715659    -0.53   0.595    -4.336561    2.505291
             15  |  -.2211384    1.77155    -0.12   0.901    -3.753508    3.311231
             16  |  -.9521909   1.778032    -0.54   0.594    -4.497485    2.593103
             17  |  -.0194052   1.781572    -0.01   0.991    -3.571759    3.532948
             18  |  -.3466939   1.816013    -0.19   0.849     -3.96772    3.274332
             19  |   .0679817   1.859822     0.04   0.971    -3.640397    3.776361
             20  |  -.4162441   1.936039    -0.21   0.830    -4.276596    3.444108
             21  |  -.3594113   2.186202    -0.16   0.870    -4.718574    3.999751
             22  |   .0944068   2.422578     0.04   0.969    -4.736077    4.924891
             23  |   .4438188    2.63301     0.17   0.867    -4.806254    5.693892
             24  |    .901697   2.424321     0.37   0.711    -3.932262    5.735656
             25  |  -.1576978   2.623548    -0.06   0.952    -5.388904    5.073509
             27  |  -1.924895   2.842401    -0.68   0.500    -7.592482    3.742693
             28  |    .258019   2.893276     0.09   0.929    -5.511009    6.027047
             29  |  -2.008585   2.718876    -0.74   0.462     -7.42987      3.4127
             34  |  -.5724354   3.158003    -0.18   0.857    -6.869315    5.724444
             38  |   .1922121   3.900573     0.05   0.961     -7.58531    7.969734
                 |
        grupo_fe |
              3  |  -.6671746   1.368716    -0.49   0.627    -3.396317    2.061968
              5  |   .6522326   1.482186     0.44   0.661    -2.303163    3.607628
              8  |   .5084438   1.640412     0.31   0.758    -2.762445    3.779333
             11  |   .3638605   1.560437     0.23   0.816    -2.747562    3.475283
             12  |   .9258539   1.381738     0.67   0.505    -1.829253    3.680961
             13  |   .2535606   1.304002     0.19   0.846    -2.346546    2.853667
             15  |   2.193977   1.524727     1.44   0.155    -.8462417    5.234196
             16  |  -.0446454    1.50402    -0.03   0.976    -3.043576    2.954286
             17  |  -.1435056   1.526015    -0.09   0.925    -3.186294    2.899283
             19  |  -.3804696   1.692998    -0.22   0.823    -3.756211    2.995272
             20  |    .588683   1.326756     0.44   0.659    -2.056794    3.234159
             22  |   -.474356   1.812692    -0.26   0.794    -4.088761    3.140049
             24  |   .5245658   1.567784     0.33   0.739    -2.601507    3.650639
             25  |   1.004649   1.412812     0.71   0.479    -1.812418    3.821717
             28  |   .1128216   1.799669     0.06   0.950    -3.475616    3.701259
             30  |   .5204577   1.259714     0.41   0.681     -1.99134    3.032255
             32  |   .8693963   1.360381     0.64   0.525    -1.843127     3.58192
             35  |   1.175221   1.880556     0.62   0.534      -2.5745    4.924943
             37  |    .183892   1.695755     0.11   0.914    -3.197347    3.565131
             38  |   .3992721   1.610793     0.25   0.805    -2.812558    3.611102
             39  |  -.1110284   1.609582    -0.07   0.945    -3.320443    3.098386
             43  |   .4293187   1.230888     0.35   0.728    -2.025002    2.883639
             44  |   .0367588   1.558409     0.02   0.981     -3.07062    3.144138
             45  |    1.77846   2.626529     0.68   0.501    -3.458691    7.015611
             46  |   .7297932   1.499846     0.49   0.628    -2.260815    3.720402
             48  |   .6579925   1.386403     0.47   0.637    -2.106416    3.422401
             49  |   .5644371   1.357707     0.42   0.679    -2.142754    3.271628
             50  |   .1557693   1.532802     0.10   0.919     -2.90055    3.212089
             51  |   .5549467   2.065277     0.27   0.789    -3.563098    4.672991
             52  |  -.1011098   1.781117    -0.06   0.955    -3.652557    3.450338
             53  |  -.6854455   1.411675    -0.49   0.629    -3.500246    2.129354
             54  |   .5682636   1.623409     0.35   0.727    -2.668722     3.80525
             55  |   .4873043   1.484242     0.33   0.744     -2.47219    3.446799
             57  |   1.102144   1.671762     0.66   0.512    -2.231255    4.435543
             60  |   .5411068    1.50905     0.36   0.721    -2.467854    3.550068
             61  |   .0600041   1.444949     0.04   0.967    -2.821142     2.94115
             62  |   .5282696   2.138677     0.25   0.806    -3.736131     4.79267
             63  |   .4971158   1.658066     0.30   0.765    -2.808974    3.803206
             64  |   1.226269   1.765926     0.69   0.490    -2.294888    4.747426
             66  |   .9179696   1.639581     0.56   0.577    -2.351262    4.187201
             67  |   .0217962   1.573552     0.01   0.989    -3.115778     3.15937
             68  |   .3985905   1.426908     0.28   0.781    -2.446582    3.243763
             69  |   .2302511   1.490505     0.15   0.878    -2.741731    3.202233
             70  |   .7365023   1.402186     0.53   0.601    -2.059377    3.532381
             71  |   .5527426   1.369525     0.40   0.688    -2.178012    3.283497
             73  |  -.2936668   1.489603    -0.20   0.844    -3.263851    2.676518
             76  |   .2592541   1.569349     0.17   0.869    -2.869938    3.388446
             77  |    .502713   1.638263     0.31   0.760    -2.763891    3.769317
             79  |  -.5990536   1.678653    -0.36   0.722    -3.946193    2.748085
             80  |   1.267803   1.656397     0.77   0.447    -2.034959    4.570566
             81  |  -.5373181   1.498019    -0.36   0.721    -3.524283    2.449647
             82  |   .4401293   1.322246     0.33   0.740    -2.196354    3.076612
             83  |   .6450764   1.741402     0.37   0.712    -2.827181    4.117334
             84  |   .0640194   1.912261     0.03   0.973    -3.748921    3.876959
             85  |   .9956647   1.612685     0.62   0.539    -2.219938    4.211267
             86  |   .2579686    1.32616     0.19   0.846     -2.38632    2.902257
             88  |   .5440666    1.60218     0.34   0.735     -2.65059    3.738723
             89  |   .2955883   1.173564     0.25   0.802    -2.044433    2.635609
             91  |  -.2062708   1.315609    -0.16   0.876    -2.829521    2.416979
             92  |   .1497108   1.398818     0.11   0.915    -2.639453    2.938875
             93  |   .4392149   1.523382     0.29   0.774    -2.598323    3.476752
             95  |   .8605482   1.641576     0.52   0.602    -2.412662    4.133759
             96  |   .5112794   2.045664     0.25   0.803    -3.567658    4.590217
             97  |   .4927382   1.513119     0.33   0.746    -2.524335    3.509812
             98  |   .7146028   1.852032     0.39   0.701    -2.978244    4.407449
             99  |   .2836149   1.500959     0.19   0.851    -2.709212    3.276442
            100  |   1.061753    1.65885     0.64   0.524    -2.245901    4.369406
            102  |   -.046193    1.41838    -0.03   0.974    -2.874363    2.781977
            105  |  -.1056681   1.482824    -0.07   0.943    -3.062335    2.850999
            107  |   1.169535    1.44618     0.81   0.421    -1.714066    4.053136
            108  |   .1956671   1.962098     0.10   0.921    -3.716646     4.10798
            109  |   .9629891   1.457226     0.66   0.511    -1.942636    3.868615
            114  |   .6044263   1.346133     0.45   0.655    -2.079686    3.288539
            115  |   1.473349   1.483563     0.99   0.324    -1.484791    4.431489
            116  |   .2919592   1.564054     0.19   0.852    -2.826675    3.410593
            117  |  -.0506321   1.225464    -0.04   0.967    -2.494138    2.392874
            119  |  -.6576892   1.685648    -0.39   0.698    -4.018776    2.703398
            121  |   .7348618    1.14567     0.64   0.523    -1.549539    3.019263
            122  |   .1085899   1.707893     0.06   0.949    -3.296852    3.514031
            124  |   .8203374   1.536481     0.53   0.595    -2.243318    3.883993
            125  |   1.143663   1.382887     0.83   0.411    -1.613735     3.90106
            127  |   .5050579   1.228663     0.41   0.682    -1.944826    2.954942
            128  |   .1963895   1.335141     0.15   0.883    -2.465805    2.858584
            129  |   1.019494   1.208123     0.84   0.402    -1.389434    3.428422
            132  |   .7630825   1.931866     0.39   0.694     -3.08895    4.615115
            133  |   .5967136   1.534853     0.39   0.699    -2.463697    3.657124
            134  |    .518413   1.524656     0.34   0.735    -2.521664     3.55849
            139  |   2.251828   1.470028     1.53   0.130    -.6793242    5.182981
            140  |  -.2353375   1.340459    -0.18   0.861    -2.908136    2.437461
            141  |  -.2329865    1.42713    -0.16   0.871    -3.078603     2.61263
            142  |   .8487991    1.61151     0.53   0.600     -2.36446    4.062059
            144  |    .915359   1.647654     0.56   0.580     -2.36997    4.200688
            145  |   1.279106   1.332865     0.96   0.340    -1.378551    3.936763
            146  |   .2965912   1.321849     0.22   0.823    -2.339101    2.932283
            148  |   .2418233   1.712061     0.14   0.888     -3.17193    3.655576
            149  |   .5356619   1.507486     0.36   0.723     -2.47018    3.541504
            150  |   .1402706   1.983144     0.07   0.944    -3.814006    4.094547
            152  |   .2537218   1.838971     0.14   0.891    -3.413082    3.920526
            156  |   1.685457   1.536359     1.10   0.276    -1.377956     4.74887
            158  |   .9653896   1.780002     0.54   0.589    -2.583834    4.514614
            159  |   .3792865   1.375263     0.28   0.784     -2.36291    3.121483
            161  |    .137964   1.218218     0.11   0.910    -2.291093    2.567021
            162  |   .2655532   1.324031     0.20   0.842    -2.374489    2.905595
            163  |  -.4368949   1.520908    -0.29   0.775    -3.469499    2.595709
            164  |   .5790738   1.498332     0.39   0.700    -2.408515    3.566663
            165  |  -.0014316   1.244209    -0.00   0.999    -2.482314    2.479451
            166  |   .6794178    1.55291     0.44   0.663    -2.416997    3.775832
            167  |  -.3272103   1.425604    -0.23   0.819    -3.169783    2.515362
            169  |   .6728221   1.557184     0.43   0.667    -2.432114    3.777758
            170  |  -.2464524   1.361667    -0.18   0.857     -2.96154    2.468635
            171  |   .6190439   2.350783     0.26   0.793    -4.068285    5.306373
            173  |   .7074984   1.341962     0.53   0.600    -1.968299    3.383296
            174  |  -.0453786    1.51321    -0.03   0.976    -3.062633    2.971876
            175  |   .6534123   1.560423     0.42   0.677    -2.457984    3.764808
            176  |   .6566452    1.66725     0.39   0.695    -2.667756    3.981047
            177  |   .2627897   2.212662     0.12   0.906    -4.149133    4.674712
            178  |  -.0711595   1.955072    -0.04   0.971    -3.969462    3.827143
            179  |   .8193721    1.68379     0.49   0.628     -2.53801    4.176755
            180  |  -.0475659   1.552141    -0.03   0.976    -3.142447    3.047315
            181  |   .9842668   1.604554     0.61   0.542    -2.215124    4.183657
            182  |   .1188079   1.573309     0.08   0.940    -3.018282    3.255898
            183  |   .8707015   1.715414     0.51   0.613    -2.549737     4.29114
            184  |   1.300133   1.905598     0.68   0.497    -2.499522    5.099788
            187  |   .9223874   1.659029     0.56   0.580    -2.385623    4.230398
            188  |  -.8074307   1.494607    -0.54   0.591    -3.787592     2.17273
            189  |   .7793524   1.433884     0.54   0.588    -2.079732    3.638437
            190  |   .0275445   1.964389     0.01   0.989    -3.889336    3.944425
            191  |  -.1117248   1.896783    -0.06   0.953    -3.893802    3.670352
            192  |   1.264919   1.327038     0.95   0.344     -1.38112    3.910959
            193  |   .0544351   1.468933     0.04   0.971    -2.874535    2.983405
            194  |  -.1411767   1.623425    -0.09   0.931    -3.378194     3.09584
            195  |   .3404886   1.979664     0.17   0.864     -3.60685    4.287827
            196  |   .8461722   1.361524     0.62   0.536    -1.868631    3.560975
            197  |   1.010912   1.482444     0.68   0.498    -1.944998    3.966821
            198  |   .9581996   1.609245     0.60   0.553    -2.250544    4.166944
            199  |  -.0471459   1.520207    -0.03   0.975    -3.078352     2.98406
            200  |   .4271002   1.490234     0.29   0.775    -2.544342    3.398543
            201  |   .1946068   1.334015     0.15   0.884    -2.465343    2.854557
            203  |    .490854   1.564476     0.31   0.755    -2.628622     3.61033
            204  |    1.31988   1.780598     0.74   0.461    -2.230531    4.870292
            207  |    1.34636   2.517831     0.53   0.595    -3.674052    6.366772
            208  |   .5034138   1.467898     0.34   0.733    -2.423492     3.43032
            210  |   .7666923   1.493414     0.51   0.609    -2.211091    3.744475
            211  |   1.440153   1.555477     0.93   0.358     -1.66138    4.541686
            213  |   .0799785    1.41028     0.06   0.955     -2.73204    2.891997
            214  |   .0447185   1.439057     0.03   0.975     -2.82468    2.914117
            215  |   .2463045   1.480747     0.17   0.868    -2.706221     3.19883
            216  |   .5092164   1.664078     0.31   0.760     -2.80886    3.827293
            217  |  -.2319878   1.913542    -0.12   0.904    -4.047482    3.583506
            219  |   .5077188   1.491927     0.34   0.735    -2.467099    3.482537
            220  |   .3740295    1.23636     0.30   0.763    -2.091203    2.839261
                 |
           _cons |  -.1900066   1.896217    -0.10   0.920    -3.970956    3.590943
----------------------------------------------------------------------------------

. local coef_4 = _b[treatment_12]

. local se_4 = _se[treatment_12]

. 
. * (5) Full specification: add calendar fixed effects
. eststo m5: reg p_imc treatment_12 ///
>     bmi_baseline anemia_baseline male ///
>     `sesvars' ///
>     i.rounded_edad_meses ///
>     i.grupo_fe ///
>     i.calendar_fe
note: 4.calendar_fe omitted because of collinearity.
note: 8.calendar_fe omitted because of collinearity.
note: 15.calendar_fe omitted because of collinearity.
note: 16.calendar_fe omitted because of collinearity.
note: 20.calendar_fe omitted because of collinearity.
note: 22.calendar_fe omitted because of collinearity.
note: 25.calendar_fe omitted because of collinearity.
note: 26.calendar_fe omitted because of collinearity.
note: 29.calendar_fe omitted because of collinearity.
note: 30.calendar_fe omitted because of collinearity.

      Source |       SS           df       MS      Number of obs   =       257
-------------+----------------------------------   F(200, 56)      =      1.66
       Model |  252.152652       200  1.26076326   Prob > F        =    0.0138
    Residual |  42.6164038        56   .76100721   R-squared       =    0.8554
-------------+----------------------------------   Adj R-squared   =    0.3391
       Total |  294.769056       256  1.15144162   Root MSE        =    .87236

----------------------------------------------------------------------------------
           p_imc | Coefficient  Std. err.      t    P>|t|     [95% conf. interval]
-----------------+----------------------------------------------------------------
    treatment_12 |  -.2877013    1.56316    -0.18   0.855    -3.419086    2.843684
    bmi_baseline |   .6400359   .2789616     2.29   0.026     .0812087    1.198863
 anemia_baseline |   .5607831   .6295137     0.89   0.377    -.7002843    1.821851
            male |   .0828007   .4894021     0.17   0.866    -.8975895    1.063191
                 |
rounded_edad_m~s |
              1  |   .1943425   1.277918     0.15   0.880    -2.365635     2.75432
              2  |  -.3938324   1.272837    -0.31   0.758    -2.943632    2.155967
              3  |    .141059    1.43451     0.10   0.922    -2.732609    3.014728
              4  |  -.1742641   1.441993    -0.12   0.904    -3.062923    2.714395
              5  |  -.4266814   1.530232    -0.28   0.781    -3.492104    2.638741
              6  |  -.1573772   1.345897    -0.12   0.907    -2.853533    2.538779
              7  |  -.0448691   1.601477    -0.03   0.978    -3.253013    3.163275
              8  |  -.3563815   1.779215    -0.20   0.842    -3.920577    3.207814
              9  |  -.9147588   2.227476    -0.41   0.683    -5.376929    3.547411
             10  |  -1.428468   3.433411    -0.42   0.679    -8.306416    5.449481
             11  |  -.5089444   1.749994    -0.29   0.772    -4.014603    2.996715
             12  |   .5884125   1.737643     0.34   0.736    -2.892504    4.069329
             13  |   .2359546    1.55222     0.15   0.880    -2.873515    3.345424
             14  |  -.9516987   1.875488    -0.51   0.614    -4.708753    2.805356
             15  |  -.5042086   1.949372    -0.26   0.797     -4.40927    3.400853
             16  |  -.5427279   2.047744    -0.27   0.792    -4.644853    3.559397
             17  |   -.350008   2.003426    -0.17   0.862    -4.363352    3.663336
             18  |  -.6829845   2.032712    -0.34   0.738    -4.754996    3.389027
             19  |  -.3333905   2.156334    -0.15   0.878    -4.653046    3.986265
             20  |  -.3533578   2.380815    -0.15   0.883    -5.122704    4.415988
             21  |  -1.309609   2.693071    -0.49   0.629    -6.704478     4.08526
             22  |  -.6057254   2.618346    -0.23   0.818    -5.850903    4.639452
             23  |  -.5299883    2.86446    -0.19   0.854    -6.268192    5.208215
             24  |   .3194223   2.617427     0.12   0.903    -4.923914    5.562758
             25  |  -.8935422   2.827642    -0.32   0.753     -6.55799    4.770905
             27  |   -1.88243   3.020568    -0.62   0.536    -7.933356    4.168496
             28  |   -1.21155   3.161789    -0.38   0.703    -7.545374    5.122275
             29  |   -2.61231   3.033963    -0.86   0.393    -8.690068    3.465448
             34  |  -1.332481   3.811166    -0.35   0.728    -8.967164    6.302203
             38  |   .3571987   4.200571     0.09   0.933    -8.057556    8.771953
                 |
        grupo_fe |
              3  |   .0115481   1.566715     0.01   0.994     -3.12696    3.150056
              5  |   .5499399   1.789087     0.31   0.760    -3.034033    4.133913
              8  |    .532325   2.065382     0.26   0.798    -3.605132    4.669782
             11  |    .554495   1.882422     0.29   0.769     -3.21645     4.32544
             12  |   .3535088    1.53879     0.23   0.819    -2.729059    3.436077
             13  |   .8319434   1.862492     0.45   0.657    -2.899076    4.562963
             15  |   3.259717   1.779361     1.83   0.072    -.3047724    6.824206
             16  |   .3753769   1.942657     0.19   0.847    -3.516232    4.266986
             17  |  -.2118649   1.979106    -0.11   0.915    -4.176491    3.752761
             19  |  -.2869832   2.042011    -0.14   0.889    -4.377622    3.803656
             20  |     1.6718   1.500279     1.11   0.270     -1.33362     4.67722
             22  |  -.3341267   2.094861    -0.16   0.874    -4.530638    3.862385
             24  |   .3981332   1.792001     0.22   0.825    -3.191677    3.987944
             25  |   1.791344   1.640888     1.09   0.280    -1.495748    5.078437
             28  |   .8462647   2.272792     0.37   0.711    -3.706685    5.399215
             30  |   .6199209   1.638059     0.38   0.707    -2.661505    3.901347
             32  |   .5793705   1.533743     0.38   0.707    -2.493086    3.651827
             35  |   1.269803   2.234587     0.57   0.572    -3.206613    5.746219
             37  |   1.674563   2.396744     0.70   0.488    -3.126693    6.475819
             38  |   .5664152   1.791153     0.32   0.753    -3.021696    4.154526
             39  |   .6315077   2.015922     0.31   0.755     -3.40687    4.669885
             43  |   .6546154    1.65349     0.40   0.694    -2.657722    3.966953
             44  |   .7656492   2.106008     0.36   0.718    -3.453191     4.98449
             45  |   2.421692   3.053604     0.79   0.431    -3.695413    8.538797
             46  |   1.039218    2.18413     0.48   0.636     -3.33612    5.414556
             48  |   1.869271   1.635304     1.14   0.258    -1.406636    5.145178
             49  |    .282987   1.511844     0.19   0.852    -2.745601    3.311575
             50  |   .4411685   1.856916     0.24   0.813    -3.278681    4.161018
             51  |   2.186002   2.696315     0.81   0.421    -3.215366    7.587369
             52  |   1.971699   1.959706     1.01   0.319    -1.954064    5.897463
             53  |   .1905441     1.8495     0.10   0.918     -3.51445    3.895538
             54  |    2.12292    1.78761     1.19   0.240    -1.458093    5.703934
             55  |   .2400019    1.85946     0.13   0.898    -3.484944    3.964948
             57  |   1.464654   2.032882     0.72   0.474    -2.607698    5.537007
             60  |   .7376066   1.778693     0.41   0.680    -2.825544    4.300757
             61  |  -.6810711   1.729697    -0.39   0.695     -4.14607    2.783928
             62  |   1.741945   2.481615     0.70   0.486    -3.229327    6.713216
             63  |   .9984677   1.988301     0.50   0.618    -2.984578    4.981514
             64  |   1.930389   1.997555     0.97   0.338    -2.071194    5.931972
             66  |   .4035774   1.880062     0.21   0.831     -3.36264    4.169794
             67  |   .5529513   1.763708     0.31   0.755    -2.980181    4.086083
             68  |   1.271988   2.058016     0.62   0.539    -2.850714     5.39469
             69  |   .7595851   2.208979     0.34   0.732    -3.665531    5.184701
             70  |   .3022721    1.60862     0.19   0.852    -2.920181    3.524725
             71  |   .2229522   1.554203     0.14   0.886    -2.890491    3.336395
             73  |   .2678856   1.686539     0.16   0.874    -3.110657    3.646428
             76  |   1.731214   1.805837     0.96   0.342    -1.886313    5.348741
             77  |   .5229686   2.063425     0.25   0.801    -3.610568    4.656505
             79  |   .7758117   1.977406     0.39   0.696    -3.185409    4.737032
             80  |   2.160658   1.939015     1.11   0.270    -1.723655    6.044971
             81  |  -.8508284   1.725248    -0.49   0.624    -4.306915    2.605258
             82  |   .1632402   1.449148     0.11   0.911    -2.739752    3.066232
             83  |   1.558405   2.284947     0.68   0.498    -3.018894    6.135704
             84  |     .83043   2.324857     0.36   0.722    -3.826819    5.487679
             85  |   .9073828   1.906045     0.48   0.636    -2.910884     4.72565
             86  |   .8100647   2.100536     0.39   0.701    -3.397815    5.017944
             88  |   .8404736   2.018685     0.42   0.679    -3.203438    4.884385
             89  |    .930634   1.427934     0.65   0.517    -1.929862     3.79113
             91  |   .2056802   1.365397     0.15   0.881    -2.529539      2.9409
             92  |  -.1410805   1.797358    -0.08   0.938     -3.74162    3.459459
             93  |   .1033347   1.882197     0.05   0.956     -3.66716    3.873829
             95  |   1.259142   1.923737     0.65   0.515    -2.594565     5.11285
             96  |   1.560649   2.398089     0.65   0.518      -3.2433    6.364598
             97  |   .7874886   1.717656     0.46   0.648     -2.65339    4.228367
             98  |   1.665932   2.518912     0.66   0.511    -3.380055    6.711918
             99  |   .2807994   1.875456     0.15   0.882    -3.476191     4.03779
            100  |   .5837766   1.942389     0.30   0.765    -3.307297     4.47485
            102  |  -.2409326   1.594019    -0.15   0.880    -3.434137    2.952271
            105  |   .4398607   1.711749     0.26   0.798    -2.989184    3.868906
            107  |   1.137907   1.609112     0.71   0.482    -2.085531    4.361345
            108  |    1.25158   2.509233     0.50   0.620    -3.775018    6.278178
            109  |   .1814773   1.712275     0.11   0.916    -3.248623    3.611577
            114  |   2.994426   2.047158     1.46   0.149    -1.106525    7.095377
            115  |   1.467748   1.758998     0.83   0.408    -2.055949    4.991445
            116  |  -.3434905   1.818715    -0.19   0.851    -3.986814    3.299834
            117  |  -.5500981   1.335889    -0.41   0.682    -3.226206     2.12601
            119  |  -1.270328   2.200563    -0.58   0.566    -5.678585    3.137929
            121  |   .7573906   1.136733     0.67   0.508     -1.51976    3.034541
            122  |   .1224655   2.093553     0.06   0.954    -4.071426    4.316357
            124  |   .6543065   1.967254     0.33   0.741    -3.286577     4.59519
            125  |   .2330821   1.652444     0.14   0.888     -3.07716    3.543325
            127  |   .7414754   1.962416     0.38   0.707    -3.189717    4.672668
            128  |   .5502442   2.130716     0.26   0.797    -3.718093    4.818582
            129  |   1.790556   1.486847     1.20   0.234    -1.187957    4.769069
            132  |   1.947527   2.584975     0.75   0.454      -3.2308    7.125854
            133  |   .0368102   1.742087     0.02   0.983     -3.45301     3.52663
            134  |   .6705963   1.628732     0.41   0.682    -2.592145    3.933338
            139  |   4.810114   2.212398     2.17   0.034     .3781482     9.24208
            140  |   .0179986    1.46687     0.01   0.990    -2.920496    2.956493
            141  |   .2635969   1.593098     0.17   0.869    -2.927761    3.454955
            142  |   1.036699   1.873333     0.55   0.582    -2.716037    4.789435
            144  |   1.145368   1.910853     0.60   0.551    -2.682531    4.973267
            145  |   1.103892   1.423891     0.78   0.441    -1.748505    3.956289
            146  |   .7274901   1.737545     0.42   0.677    -2.753231    4.208211
            148  |   .7342977   2.083067     0.35   0.726    -3.438587    4.907183
            149  |    .728717   1.776915     0.41   0.683    -2.830872    4.288306
            150  |   .8967675   2.411178     0.37   0.711    -3.933402    5.726937
            152  |   .7297659   2.091816     0.35   0.728    -3.460644    4.920176
            156  |   .4037198   1.714563     0.24   0.815    -3.030963    3.838403
            158  |   .9272208   2.137845     0.43   0.666    -3.355396    5.209838
            159  |   .9964934   1.607721     0.62   0.538    -2.224158    4.217145
            161  |   .3087849   1.276603     0.24   0.810    -2.248559    2.866129
            162  |   .6337906    1.80844     0.35   0.727     -2.98895    4.256531
            163  |  -.0207026   1.767611    -0.01   0.991    -3.561652    3.520247
            164  |   1.271413   2.191638     0.58   0.564    -3.118966    5.661792
            165  |   .1952861   1.437268     0.14   0.892    -2.683907     3.07448
            166  |   1.788452    1.76644     1.01   0.316    -1.750153    5.327057
            167  |   .2419225   1.570507     0.15   0.878    -2.904181    3.388026
            169  |    1.10643   1.764234     0.63   0.533    -2.427756    4.640616
            170  |  -.2616778   1.853433    -0.14   0.888     -3.97455    3.451194
            171  |    2.04404   3.750319     0.55   0.588    -5.468751    9.556831
            173  |   1.233902   2.099977     0.59   0.559    -2.972857    5.440662
            174  |   -.036885   1.791124    -0.02   0.984    -3.624939    3.551168
            175  |   .6812876   1.922465     0.35   0.724    -3.169873    4.532448
            176  |   1.227536   2.103653     0.58   0.562    -2.986587     5.44166
            177  |   1.958387   2.607583     0.75   0.456    -3.265231    7.182004
            178  |   .8129915   2.377988     0.34   0.734    -3.950691    5.576674
            179  |   1.132409   1.999537     0.57   0.573    -2.873145    5.137962
            180  |   .2061864   1.926864     0.11   0.915    -3.653787    4.066159
            181  |    2.45258   1.777744     1.38   0.173     -1.10867     6.01383
            182  |   .6468185   1.613103     0.40   0.690    -2.584616    3.878253
            183  |   .9394575   1.953848     0.48   0.633    -2.974571    4.853486
            184  |   2.034984   2.315584     0.88   0.383    -2.603688    6.673656
            187  |   1.362505   1.914896     0.71   0.480    -2.473493    5.198503
            188  |  -.6982104   1.906527    -0.37   0.716    -4.517442    3.121022
            189  |   1.497367   1.656281     0.90   0.370    -1.820563    4.815297
            190  |   .7127253   2.403887     0.30   0.768    -4.102839     5.52829
            191  |   .5435013    2.33331     0.23   0.817    -4.130681    5.217684
            192  |   1.563021   1.468485     1.06   0.292    -1.378709    4.504751
            193  |   .1798273   2.351441     0.08   0.939    -4.530676     4.89033
            194  |   .1684689   1.847047     0.09   0.928     -3.53161    3.868548
            195  |   1.281807   2.354393     0.54   0.588    -3.434608    5.998223
            196  |   2.129203   1.635737     1.30   0.198    -1.147571    5.405977
            197  |     .65324   1.772607     0.37   0.714    -2.897718    4.204199
            198  |   .6761257   1.995006     0.34   0.736    -3.320352    4.672603
            199  |   .0084966   1.927192     0.00   0.996    -3.852133    3.869126
            200  |   1.486465     1.6678     0.89   0.377    -1.854541     4.82747
            201  |   .0457605   1.526554     0.03   0.976    -3.012294    3.103815
            203  |   .6191483   1.930253     0.32   0.750    -3.247613     4.48591
            204  |   2.675834   2.048406     1.31   0.197    -1.427618    6.779285
            207  |    2.53616   3.730136     0.68   0.499    -4.936199    10.00852
            208  |    .441376   2.200721     0.20   0.842    -3.967197    4.849949
            210  |   .5363598   1.870972     0.29   0.775    -3.211647    4.284367
            211  |   1.973956   1.752469     1.13   0.265    -1.536661    5.484572
            213  |  -.0592058   1.655756    -0.04   0.972    -3.376083    3.257672
            214  |   1.326867   1.671409     0.79   0.431    -2.021367    4.675101
            215  |  -.2116204   1.846215    -0.11   0.909    -3.910034    3.486793
            216  |   1.018224   1.994517     0.51   0.612    -2.977274    5.013721
            217  |   .2983506   2.337617     0.13   0.899    -4.384459     4.98116
            219  |   .4434211   1.864876     0.24   0.813    -3.292375    4.179217
            220  |   .0558245    1.35817     0.04   0.967    -2.664918    2.776567
                 |
     calendar_fe |
              2  |  -.1241108   2.416334    -0.05   0.959     -4.96461    4.716389
              3  |   .1418874   2.790446     0.05   0.960    -5.448047    5.731822
              4  |          0  (omitted)
              5  |  -.4054495   1.653545    -0.25   0.807    -3.717898    2.906999
              6  |   .1134731    1.18344     0.10   0.924    -2.257243    2.484189
              7  |    .904552    1.43632     0.63   0.531    -1.972742    3.781846
              8  |          0  (omitted)
              9  |   -3.13895   2.491194    -1.26   0.213    -8.129411     1.85151
             11  |   .2614153    1.50411     0.17   0.863     -2.75168     3.27451
             12  |  -.3044947   1.662146    -0.18   0.855    -3.634173    3.025183
             13  |   .3171948   1.193675     0.27   0.791    -2.074023    2.708412
             14  |    .205571   1.242325     0.17   0.869    -2.283105    2.694247
             15  |          0  (omitted)
             16  |          0  (omitted)
             17  |  -1.113371     1.2559    -0.89   0.379    -3.629241      1.4025
             19  |  -1.011923   1.187537    -0.85   0.398    -3.390846       1.367
             20  |          0  (omitted)
             21  |  -.5540594   1.253822    -0.44   0.660    -3.065767    1.957648
             22  |          0  (omitted)
             24  |   1.244795   .4902039     2.54   0.014     .2627983    2.226791
             25  |          0  (omitted)
             26  |          0  (omitted)
             27  |   .0521711     1.1414     0.05   0.964    -2.234328     2.33867
             29  |          0  (omitted)
             30  |          0  (omitted)
                 |
           _cons |  -.7840581   2.325104    -0.34   0.737    -5.441801    3.873685
----------------------------------------------------------------------------------

. local coef_5 = _b[treatment_12]

. local se_5 = _se[treatment_12]

. 
. * ============================================================================
. * Export regression table (TEX + HTML for PNG conversion)
. * ============================================================================
. 
. * LaTeX format (for paper)
. esttab m1 m2 m3 m4 m5 using "`basepath'/results/exp_12m/uka_12m_results.tex", ///
>     b(3) se(3) ///
>     star(* 0.10 ** 0.05 *** 0.01) ///
>     keep(treatment_12 bmi_baseline anemia_baseline male calories_weekly iron_week
> ly food_spending) ///
>     order(treatment_12 bmi_baseline anemia_baseline male calories_weekly iron_wee
> kly food_spending) ///
>     stats(N r2, fmt(0 3) labels("Observations" "R-squared")) ///
>     indicate("Age FE = *.rounded_edad_meses" ///
>              "Grupo FE = *.grupo_fe" ///
>              "Calendar FE = *.calendar_fe") ///
>     mtitles("(1)" "(2)" "(3)" "(4)" "(5)") ///
>     mgroups("Age FE" "Health" "SES" "Grupo FE" "Full", pattern(1 1 1 1 1)) ///
>     title("Effect of UKA Exposure on Child BMI: 12 Months") ///
>     label ///
>     booktabs ///
>     replace
(file /Users/cameronkeith/Desktop/Econ/Econ
    20/econ-uka-exposure/results/exp_12m/uka_12m_results.tex not found)
(output written to /Users/cameronkeith/Desktop/Econ/Econ 20/econ-uka-exposure/resul
> ts/exp_12m/uka_12m_results.tex)

. 
. * HTML format (open in browser and screenshot for PNG)
. esttab m1 m2 m3 m4 m5 using "`basepath'/results/exp_12m/uka_12m_results.html", //
> /
>     b(3) se(3) ///
>     star(* 0.10 ** 0.05 *** 0.01) ///
>     keep(treatment_12 bmi_baseline anemia_baseline male calories_weekly iron_week
> ly food_spending) ///
>     order(treatment_12 bmi_baseline anemia_baseline male calories_weekly iron_wee
> kly food_spending) ///
>     stats(N r2, fmt(0 3) labels("Observations" "R-squared")) ///
>     indicate("Age FE = *.rounded_edad_meses" ///
>              "Grupo FE = *.grupo_fe" ///
>              "Calendar FE = *.calendar_fe") ///
>     mtitles("(1)" "(2)" "(3)" "(4)" "(5)") ///
>     title("Effect of UKA Exposure on Child BMI: 12 Months") ///
>     replace
(file /Users/cameronkeith/Desktop/Econ/Econ
    20/econ-uka-exposure/results/exp_12m/uka_12m_results.html not found)
(output written to /Users/cameronkeith/Desktop/Econ/Econ 20/econ-uka-exposure/resul
> ts/exp_12m/uka_12m_results.html)

. 
. display _newline(1)



. display as result "Regression table exported:"
Regression table exported:

. display as text "  - TEX:  uka_12m_results.tex (for paper)"
  - TEX:  uka_12m_results.tex (for paper)

. display as text "  - HTML: uka_12m_results.html (open in browser, screenshot for 
> PNG)"
  - HTML: uka_12m_results.html (open in browser, screenshot for PNG)

. display _newline(1)



. 
. * Clear stored estimates
. eststo clear

. 
. * ============================================================================
. * GRAPH 1: Coefficient Stability Plot
. * Shows how treatment effect changes across specifications
. * ============================================================================
. 
. * Create coefficient plot dataset
. clear

. set obs 5
Number of observations (_N) was 0, now 5.

. gen spec = _n

. gen coef = .
(5 missing values generated)

. gen se = .
(5 missing values generated)

. gen ci_lower = .
(5 missing values generated)

. gen ci_upper = .
(5 missing values generated)

. gen label = ""
(5 missing values generated)

. 
. replace coef = `coef_1' if spec == 1
(1 real change made)

. replace se = `se_1' if spec == 1
(1 real change made)

. replace label = "Age FE" if spec == 1
variable label was str1 now str6
(1 real change made)

. 
. replace coef = `coef_2' if spec == 2
(1 real change made)

. replace se = `se_2' if spec == 2
(1 real change made)

. replace label = "Health" if spec == 2
(1 real change made)

. 
. replace coef = `coef_3' if spec == 3
(1 real change made)

. replace se = `se_3' if spec == 3
(1 real change made)

. replace label = "SES" if spec == 3
(1 real change made)

. 
. replace coef = `coef_4' if spec == 4
(1 real change made)

. replace se = `se_4' if spec == 4
(1 real change made)

. replace label = "Grupo FE" if spec == 4
variable label was str6 now str8
(1 real change made)

. 
. replace coef = `coef_5' if spec == 5
(1 real change made)

. replace se = `se_5' if spec == 5
(1 real change made)

. replace label = "Full" if spec == 5
(1 real change made)

. 
. * Calculate confidence intervals
. replace ci_lower = coef - 1.96*se
(5 real changes made)

. replace ci_upper = coef + 1.96*se
(5 real changes made)

. 
. * Create coefficient plot
. twoway ///
>     (rcap ci_lower ci_upper spec, lcolor(navy)) ///
>     (scatter coef spec, mcolor(navy) msize(medium)), ///
>     xlabel(1 "Age FE" 2 "Health" 3 "SES" 4 "Grupo FE" 5 "Full", angle(45)) ///
>     xtitle("Specification") ///
>     ytitle("Treatment Effect (BMI z-score)") ///
>     title("Coefficient Stability Across Specifications") ///
>     subtitle("12-Month UKA Exposure") ///
>     legend(off) ///
>     yline(0, lpattern(dash) lcolor(red)) ///
>     note("Note: Bars show 95% confidence intervals. All models control for age (m
> atching variable).")

. 
. graph export "`basepath'/results/exp_12m/coef_stability_12m.png", replace width(2
> 400)
file /Users/cameronkeith/Desktop/Econ/Econ
    20/econ-uka-exposure/results/exp_12m/coef_stability_12m.png saved as PNG
    format

. graph display

. 
. * ============================================================================
. * Reload the main dataset for remaining graphs
. * ============================================================================
. use "`basepath'/data/uka_exposure_dataset.dta", clear
(UKA Exposure Dataset Creation - Created on 17 Nov 2025)

. keep if sample_12
(663 observations deleted)

. 
. * ============================================================================
. * GRAPH 2: Baseline Plot (Age FE Only)
. * Shows relationship conditional on age matching
. * ============================================================================
. 
. twoway ///
>     (scatter p_imc treatment_12, msymbol(o) msize(vsmall) mcolor(navy%30) jitter(
> 2)) ///
>     (lfit p_imc treatment_12, lcolor(red) lwidth(medium)), ///
>     xtitle("Treatment (12 months exposure)") ///
>     ytitle("BMI-for-age z-score") ///
>     title("Baseline: Controlling for Age Only") ///
>     subtitle("12-Month UKA Exposure") ///
>     legend(off) ///
>     note("Coefficient:  = `=string(`coef_1', "%6.3f")' (SE = `=string(`se_1', "%
> 6.3f")') | Controls: Age FE")

. 
. graph export "`basepath'/results/exp_12m/baseline_12m.png", replace
file /Users/cameronkeith/Desktop/Econ/Econ
    20/econ-uka-exposure/results/exp_12m/baseline_12m.png saved as PNG format

. graph display

. 
. * ============================================================================
. * Create residuals for FWL plots
. * ============================================================================
. 
. * Residualize p_imc on all controls + FE (excluding treatment_12)
. quietly reg p_imc ///
>     bmi_baseline anemia_baseline male ///
>     `sesvars' ///
>     i.rounded_edad_meses ///
>     i.grupo_fe ///
>     i.calendar_fe

. predict double y_resid, resid
(66 missing values generated)

. 
. * Residualize treatment_12 on the same controls + FE
. quietly reg treatment_12 ///
>     bmi_baseline anemia_baseline male ///
>     `sesvars' ///
>     i.rounded_edad_meses ///
>     i.grupo_fe ///
>     i.calendar_fe

. predict double t_resid, resid
(66 missing values generated)

. 
. * ============================================================================
. * GRAPH 3: FWL Plot (Full Specification)
. * Shows relationship after partialling out all controls
. * ============================================================================
. 
. twoway ///
>     (scatter y_resid t_resid, msymbol(o) msize(vsmall) mcolor(navy%30) jitter(2))
>  ///
>     (lfit y_resid t_resid, lcolor(red) lwidth(medium)), ///
>     xtitle("Residualized treatment (12 months of exposure)") ///
>     ytitle("Residualized BMI-for-age z-score") ///
>     title("Full Specification (After All Controls)") ///
>     subtitle("12-Month UKA Exposure") ///
>     legend(off) ///
>     note("Coefficient:  = `=string(`coef_5', "%6.3f")' (SE = `=string(`se_5', "%
> 6.3f")') | Full controls: Health, SES, Age FE, Grupo FE, Calendar FE")

. 
. graph export "`basepath'/results/exp_12m/fwl_12m.png", replace
file /Users/cameronkeith/Desktop/Econ/Econ
    20/econ-uka-exposure/results/exp_12m/fwl_12m.png saved as PNG format

. graph display

. 
. * ============================================================================
. * GRAPH 4: Side-by-Side Comparison (Baseline vs Full)
. * Shows how controls affect the estimated relationship
. * ============================================================================
. 
. * Panel A: Baseline (Age FE only)
. twoway ///
>     (scatter p_imc treatment_12, msymbol(o) msize(vsmall) mcolor(navy%30) jitter(
> 2)) ///
>     (lfit p_imc treatment_12, lcolor(red) lwidth(medium)), ///
>     xtitle("Treatment") ///
>     ytitle("BMI z-score") ///
>     title("(A) Age FE only:  = `=string(`coef_1', "%5.3f")'", size(medium)) ///
>     legend(off) ///
>     name(baseline, replace)

. 
. * Panel B: Full specification (FWL)
. twoway ///
>     (scatter y_resid t_resid, msymbol(o) msize(vsmall) mcolor(navy%30) jitter(2))
>  ///
>     (lfit y_resid t_resid, lcolor(red) lwidth(medium)), ///
>     xtitle("Residualized treatment") ///
>     ytitle("Residualized BMI z-score") ///
>     title("(B) Full controls:  = `=string(`coef_5', "%5.3f")'", size(medium)) //
> /
>     legend(off) ///
>     name(fwl, replace)

. 
. * Combine panels
. graph combine baseline fwl, ///
>     rows(1) ///
>     title("Robustness to Control Variables: 12-Month UKA Exposure") ///
>     note("Note: Both panels control for age (matching variable). Panel B adds hea
> lth, SES, grupo FE, and calendar FE.")

. 
. graph export "`basepath'/results/exp_12m/comparison_12m.png", replace width(3000)
file /Users/cameronkeith/Desktop/Econ/Econ
    20/econ-uka-exposure/results/exp_12m/comparison_12m.png saved as PNG format

. graph display

. 
. * Clean up graph names
. graph drop baseline fwl

. 
. * ============================================================================
. * GRAPH 5: FWL Theorem Demonstration
. * Shows full regression coefficient = FWL slope
. * ============================================================================
. 
. * Store full regression coefficient and CI
. local beta_full = `coef_5'

. local se_full = `se_5'

. local ci_lower = `beta_full' - 1.96*`se_full'

. local ci_upper = `beta_full' + 1.96*`se_full'

. 
. * Verify FWL gives same coefficient
. quietly reg y_resid t_resid

. local beta_fwl = _b[t_resid]

. 
. * Panel A: Full regression coefficient (as point estimate with CI)
. preserve

. clear

. set obs 1
Number of observations (_N) was 0, now 1.

. gen spec = 1

. gen coef = `beta_full'

. gen ci_lower_plot = `ci_lower'

. gen ci_upper_plot = `ci_upper'

. 
. twoway ///
>     (rcap ci_lower_plot ci_upper_plot spec, lcolor(navy) lwidth(thick)) ///
>     (scatter coef spec, mcolor(navy) msize(large)), ///
>     xlabel(none) ///
>     xtitle("") ///
>     ytitle("Treatment Effect (BMI z-score)") ///
>     title("(A) Full Regression Coefficient", size(medium)) ///
>     subtitle(" = `=string(`beta_full', "%6.3f")'") ///
>     legend(off) ///
>     yline(0, lpattern(dash) lcolor(red)) ///
>     xscale(range(0.5 1.5)) ///
>     note("Coefficient from full regression with all controls") ///
>     name(full_reg, replace)

. 
. restore

. 
. * Panel B: FWL scatter plot (shows SAME coefficient)
. twoway ///
>     (scatter y_resid t_resid, msymbol(o) msize(vsmall) mcolor(navy%30) jitter(2))
>  ///
>     (lfit y_resid t_resid, lcolor(red) lwidth(medium)), ///
>     xtitle("Residualized treatment") ///
>     ytitle("Residualized BMI z-score") ///
>     title("(B) FWL: Same Coefficient", size(medium)) ///
>     subtitle(" = `=string(`beta_fwl', "%6.3f")'") ///
>     legend(off) ///
>     note("Frisch-Waugh-Lovell: Slope of residuals plot") ///
>     name(fwl_demo, replace)

. 
. * Combine to show equivalence
. graph combine full_reg fwl_demo, ///
>     rows(1) ///
>     title("Frisch-Waugh-Lovell Theorem Demonstration") ///
>     subtitle("12-Month UKA Exposure") ///
>     note("Note: Both panels show  = `=string(`beta_full', "%6.3f")'. " ///
>          "Panel A: Coefficient from full regression. Panel B: Slope from FWL resi
> duals. Mathematically identical.")

. 
. graph export "`basepath'/results/exp_12m/fwl_demonstration_12m.png", replace widt
> h(3000)
file /Users/cameronkeith/Desktop/Econ/Econ
    20/econ-uka-exposure/results/exp_12m/fwl_demonstration_12m.png saved as PNG
    format

. graph display

. 
. * Clean up
. graph drop full_reg fwl_demo

. 
. * ============================================================================
. * Display detailed analysis summary in log
. * ============================================================================
. 
. display _newline(2)




. display as result "{hline 80}"
--------------------------------------------------------------------------------

. display as result "ANALYSIS SUMMARY: 12-MONTH UKA EXPOSURE"
ANALYSIS SUMMARY: 12-MONTH UKA EXPOSURE

. display as result "{hline 80}"
--------------------------------------------------------------------------------

. display _newline(1)



. 
. display as text "Specification progression (all conditional on age):"
Specification progression (all conditional on age):

. display as text "{hline 80}"
--------------------------------------------------------------------------------

. display as text "  (1) Age FE only (baseline):           " as result %6.3f `coef_
> 1' as text " (SE = " as result %6.3f `se_1' as text ")"
  (1) Age FE only (baseline):           -0.098 (SE =  0.247)

. display as text "  (2) + Baseline health controls:       " as result %6.3f `coef_
> 2' as text " (SE = " as result %6.3f `se_2' as text ")"
  (2) + Baseline health controls:       -0.192 (SE =  0.177)

. display as text "  (3) + SES controls:                   " as result %6.3f `coef_
> 3' as text " (SE = " as result %6.3f `se_3' as text ")"
  (3) + SES controls:                   -0.192 (SE =  0.177)

. display as text "  (4) + Grupo fixed effects:            " as result %6.3f `coef_
> 4' as text " (SE = " as result %6.3f `se_4' as text ")"
  (4) + Grupo fixed effects:            -0.415 (SE =  1.000)

. display as text "  (5) Full (+ Calendar FE):             " as result %6.3f `coef_
> 5' as text " (SE = " as result %6.3f `se_5' as text ")"
  (5) Full (+ Calendar FE):             -0.288 (SE =  1.563)

. display as text "{hline 80}"
--------------------------------------------------------------------------------

. display _newline(1)



. 
. display as text "Robustness Analysis (conditional on age matching):"
Robustness Analysis (conditional on age matching):

. display as text "{hline 80}"
--------------------------------------------------------------------------------

. local total_change = `coef_1' - `coef_5'

. local pct_change = (`total_change'/`coef_1') * 100

. display as text "  Total change (Age FE to Full):        " as result %6.3f `total
> _change'
  Total change (Age FE to Full):         0.189

. display as text "  Percent change:                       " as result %6.1f `pct_c
> hange' "%"
  Percent change:                       -192.2%

. 
. display _newline(1)



. display as text "Incremental changes (conditional on age):"
Incremental changes (conditional on age):

. display as text "  Adding health controls:               " as result %6.3f (`coef
> _2' - `coef_1')
  Adding health controls:               -0.093

. display as text "  Adding SES controls:                  " as result %6.3f (`coef
> _3' - `coef_2')
  Adding SES controls:                   0.000

. display as text "  Adding grupo FE:                      " as result %6.3f (`coef
> _4' - `coef_3')
  Adding grupo FE:                      -0.223

. display as text "  Adding calendar FE:                   " as result %6.3f (`coef
> _5' - `coef_4')
  Adding calendar FE:                    0.127

. 
. display _newline(1)



. display as text "FWL Verification:"
FWL Verification:

. display as text "  Full regression coefficient:          " as result %6.3f `beta_
> full'
  Full regression coefficient:          -0.288

. display as text "  FWL residuals slope:                  " as result %6.3f `beta_
> fwl'
  FWL residuals slope:                   0.000

. display as text "  Difference (should be ~0):            " as result %9.6f (`beta
> _full' - `beta_fwl')
  Difference (should be ~0):            -0.287701

. 
. display _newline(1)



. display as text "Interpretation:"
Interpretation:

. display as text "  Age FE ensures we compare children of the same age (matching d
> esign)."
  Age FE ensures we compare children of the same age (matching design).

. display as text "  Remaining differences come from health/SES selection within ag
> e groups."
  Remaining differences come from health/SES selection within age groups.

. 
. if abs(`pct_change') < 10 {
.     display as text "  Small change (<10%) suggests weak confounding after age ma
> tching."
.     display as text "  Selection-on-observables assumption appears plausible."
. }

. else if abs(`pct_change') < 30 {
.     display as text "  Moderate change (10-30%) after age matching."
.     display as text "  Health/SES controls matter beyond age."
. }

. else {
.     display as text "  Large change (>30%) even after age matching."
  Large change (>30%) even after age matching.
.     display as text "  Substantial confounding from health/SES within age groups.
> "
  Substantial confounding from health/SES within age groups.
. }

. 
. display as result "{hline 80}"
--------------------------------------------------------------------------------

. display _newline(1)



. 
. display as result "OUTPUT FILES CREATED:"
OUTPUT FILES CREATED:

. display as text "  Tables:"
  Tables:

. display as text "    - uka_12m_results.tex (for LaTeX/paper)"
    - uka_12m_results.tex (for LaTeX/paper)

. display as text "    - uka_12m_results.html (open in browser, screenshot for PNG)
> "
    - uka_12m_results.html (open in browser, screenshot for PNG)

. display _newline(1)



. display as text "  Graphs (PNG):"
  Graphs (PNG):

. display as text "    - coef_stability_12m.png"
    - coef_stability_12m.png

. display as text "    - baseline_12m.png"
    - baseline_12m.png

. display as text "    - fwl_12m.png"
    - fwl_12m.png

. display as text "    - comparison_12m.png"
    - comparison_12m.png

. display as text "    - fwl_demonstration_12m.png"
    - fwl_demonstration_12m.png

. display _newline(1)



. 
. log close
      name:  <unnamed>
       log:  /Users/cameronkeith/Desktop/Econ/Econ 20/econ-uka-exposure/logs/run_12
> m_regressions.log
  log type:  text
 closed on:  17 Nov 2025, 18:19:54
-----------------------------------------------------------------------------------
